# JRE version: Java(TM) SE Runtime Environment (8.0_151-b12) (build 1.8.0_151-b12)
# Java VM: Java HotSpot(TM) 64-Bit Server VM (25.151-b12 mixed mode windows-amd64 compressed oops)
Heap:
 PSYoungGen      total 66560K, used 36359K [0x00000000d5f00000, 0x00000000de500000, 0x0000000100000000)
  eden space 57344K, 47% used [0x00000000d5f00000,0x00000000d7985e40,0x00000000d9700000)
  from space 9216K, 99% used [0x00000000da700000,0x00000000daffc138,0x00000000db000000)
  to   space 16384K, 0% used [0x00000000d9700000,0x00000000d9700000,0x00000000da700000)
 ParOldGen       total 58880K, used 20696K [0x0000000081c00000, 0x0000000085580000, 0x00000000d5f00000)
  object space 58880K, 35% used [0x0000000081c00000,0x0000000083036018,0x0000000085580000)
 Metaspace       used 24854K, capacity 25192K, committed 25344K, reserved 1071104K
  class space    used 2950K, capacity 3056K, committed 3072K, reserved 1048576K
GC Heap History (10 events):
Event: 5.259 GC heap before
{Heap before GC invocations=3 (full 0):
 PSYoungGen      total 38400K, used 38373K [0x00000000d5f00000, 0x00000000daa00000, 0x0000000100000000)
  eden space 33280K, 100% used [0x00000000d5f00000,0x00000000d7f80000,0x00000000d7f80000)
  from space 5120K, 99% used [0x00000000d8480000,0x00000000d8979450,0x00000000d8980000)
  to   space 5120K, 0% used [0x00000000d7f80000,0x00000000d7f80000,0x00000000d8480000)
 ParOldGen       total 87552K, used 2779K [0x0000000081c00000, 0x0000000087180000, 0x00000000d5f00000)
  object space 87552K, 3% used [0x0000000081c00000,0x0000000081eb6ee8,0x0000000087180000)
 Metaspace       used 15875K, capacity 16102K, committed 16384K, reserved 1062912K
  class space    used 1906K, capacity 1989K, committed 2048K, reserved 1048576K
Event: 5.264 GC heap after
Heap after GC invocations=3 (full 0):
 PSYoungGen      total 38400K, used 4706K [0x00000000d5f00000, 0x00000000daa00000, 0x0000000100000000)
  eden space 33280K, 0% used [0x00000000d5f00000,0x00000000d5f00000,0x00000000d7f80000)
  from space 5120K, 91% used [0x00000000d7f80000,0x00000000d8418ad0,0x00000000d8480000)
  to   space 5120K, 0% used [0x00000000da500000,0x00000000da500000,0x00000000daa00000)
 ParOldGen       total 87552K, used 2787K [0x0000000081c00000, 0x0000000087180000, 0x00000000d5f00000)
  object space 87552K, 3% used [0x0000000081c00000,0x0000000081eb8ee8,0x0000000087180000)
 Metaspace       used 15875K, capacity 16102K, committed 16384K, reserved 1062912K
  class space    used 1906K, capacity 1989K, committed 2048K, reserved 1048576K
}
Event: 5.745 GC heap before
{Heap before GC invocations=4 (full 0):
 PSYoungGen      total 38400K, used 37986K [0x00000000d5f00000, 0x00000000daa00000, 0x0000000100000000)
  eden space 33280K, 100% used [0x00000000d5f00000,0x00000000d7f80000,0x00000000d7f80000)
  from space 5120K, 91% used [0x00000000d7f80000,0x00000000d8418ad0,0x00000000d8480000)
  to   space 5120K, 0% used [0x00000000da500000,0x00000000da500000,0x00000000daa00000)
 ParOldGen       total 87552K, used 2787K [0x0000000081c00000, 0x0000000087180000, 0x00000000d5f00000)
  object space 87552K, 3% used [0x0000000081c00000,0x0000000081eb8ee8,0x0000000087180000)
 Metaspace       used 16168K, capacity 16390K, committed 16640K, reserved 1064960K
  class space    used 1941K, capacity 2021K, committed 2048K, reserved 1048576K
Event: 5.752 GC heap after
Heap after GC invocations=4 (full 0):
 PSYoungGen      total 71680K, used 5118K [0x00000000d5f00000, 0x00000000daa00000, 0x0000000100000000)
  eden space 66560K, 0% used [0x00000000d5f00000,0x00000000d5f00000,0x00000000da000000)
  from space 5120K, 99% used [0x00000000da500000,0x00000000da9ffb40,0x00000000daa00000)
  to   space 5120K, 0% used [0x00000000da000000,0x00000000da000000,0x00000000da500000)
 ParOldGen       total 87552K, used 5321K [0x0000000081c00000, 0x0000000087180000, 0x00000000d5f00000)
  object space 87552K, 6% used [0x0000000081c00000,0x0000000082132738,0x0000000087180000)
 Metaspace       used 16168K, capacity 16390K, committed 16640K, reserved 1064960K
  class space    used 1941K, capacity 2021K, committed 2048K, reserved 1048576K
}
Event: 12.334 GC heap before
{Heap before GC invocations=5 (full 0):
 PSYoungGen      total 71680K, used 34761K [0x00000000d5f00000, 0x00000000daa00000, 0x0000000100000000)
  eden space 66560K, 44% used [0x00000000d5f00000,0x00000000d7bf2a40,0x00000000da000000)
  from space 5120K, 99% used [0x00000000da500000,0x00000000da9ffb40,0x00000000daa00000)
  to   space 5120K, 0% used [0x00000000da000000,0x00000000da000000,0x00000000da500000)
 ParOldGen       total 87552K, used 5321K [0x0000000081c00000, 0x0000000087180000, 0x00000000d5f00000)
  object space 87552K, 6% used [0x0000000081c00000,0x0000000082132738,0x0000000087180000)
 Metaspace       used 20758K, capacity 21042K, committed 21296K, reserved 1069056K
  class space    used 2494K, capacity 2595K, committed 2688K, reserved 1048576K
Event: 12.345 GC heap after
Heap after GC invocations=5 (full 0):
 PSYoungGen      total 69632K, used 5118K [0x00000000d5f00000, 0x00000000db000000, 0x0000000100000000)
  eden space 64512K, 0% used [0x00000000d5f00000,0x00000000d5f00000,0x00000000d9e00000)
  from space 5120K, 99% used [0x00000000da000000,0x00000000da4ffb40,0x00000000da500000)
  to   space 9216K, 0% used [0x00000000da700000,0x00000000da700000,0x00000000db000000)
 ParOldGen       total 87552K, used 7947K [0x0000000081c00000, 0x0000000087180000, 0x00000000d5f00000)
  object space 87552K, 9% used [0x0000000081c00000,0x00000000823c2c98,0x0000000087180000)
 Metaspace       used 20758K, capacity 21042K, committed 21296K, reserved 1069056K
  class space    used 2494K, capacity 2595K, committed 2688K, reserved 1048576K
}
Event: 12.345 GC heap before
{Heap before GC invocations=6 (full 1):
 PSYoungGen      total 69632K, used 5118K [0x00000000d5f00000, 0x00000000db000000, 0x0000000100000000)
  eden space 64512K, 0% used [0x00000000d5f00000,0x00000000d5f00000,0x00000000d9e00000)
  from space 5120K, 99% used [0x00000000da000000,0x00000000da4ffb40,0x00000000da500000)
  to   space 9216K, 0% used [0x00000000da700000,0x00000000da700000,0x00000000db000000)
 ParOldGen       total 87552K, used 7947K [0x0000000081c00000, 0x0000000087180000, 0x00000000d5f00000)
  object space 87552K, 9% used [0x0000000081c00000,0x00000000823c2c98,0x0000000087180000)
 Metaspace       used 20758K, capacity 21042K, committed 21296K, reserved 1069056K
  class space    used 2494K, capacity 2595K, committed 2688K, reserved 1048576K
Event: 12.404 GC heap after
Heap after GC invocations=6 (full 1):
 PSYoungGen      total 69632K, used 0K [0x00000000d5f00000, 0x00000000db000000, 0x0000000100000000)
  eden space 64512K, 0% used [0x00000000d5f00000,0x00000000d5f00000,0x00000000d9e00000)
  from space 5120K, 0% used [0x00000000da000000,0x00000000da000000,0x00000000da500000)
  to   space 9216K, 0% used [0x00000000da700000,0x00000000da700000,0x00000000db000000)
 ParOldGen       total 58880K, used 10088K [0x0000000081c00000, 0x0000000085580000, 0x00000000d5f00000)
  object space 58880K, 17% used [0x0000000081c00000,0x00000000825da1d0,0x0000000085580000)
 Metaspace       used 20758K, capacity 21042K, committed 21296K, reserved 1069056K
  class space    used 2494K, capacity 2595K, committed 2688K, reserved 1048576K
}
Event: 22.946 GC heap before
{Heap before GC invocations=7 (full 1):
 PSYoungGen      total 69632K, used 64512K [0x00000000d5f00000, 0x00000000db000000, 0x0000000100000000)
  eden space 64512K, 100% used [0x00000000d5f00000,0x00000000d9e00000,0x00000000d9e00000)
  from space 5120K, 0% used [0x00000000da000000,0x00000000da000000,0x00000000da500000)
  to   space 9216K, 0% used [0x00000000da700000,0x00000000da700000,0x00000000db000000)
 ParOldGen       total 58880K, used 10088K [0x0000000081c00000, 0x0000000085580000, 0x00000000d5f00000)
  object space 58880K, 17% used [0x0000000081c00000,0x00000000825da1d0,0x0000000085580000)
 Metaspace       used 24162K, capacity 24552K, committed 24832K, reserved 1071104K
  class space    used 2886K, capacity 2992K, committed 3072K, reserved 1048576K
Event: 22.967 GC heap after
Heap after GC invocations=7 (full 1):
 PSYoungGen      total 66560K, used 9200K [0x00000000d5f00000, 0x00000000de500000, 0x0000000100000000)
  eden space 57344K, 0% used [0x00000000d5f00000,0x00000000d5f00000,0x00000000d9700000)
  from space 9216K, 99% used [0x00000000da700000,0x00000000daffc138,0x00000000db000000)
  to   space 16384K, 0% used [0x00000000d9700000,0x00000000d9700000,0x00000000da700000)
 ParOldGen       total 58880K, used 20696K [0x0000000081c00000, 0x0000000085580000, 0x00000000d5f00000)
  object space 58880K, 35% used [0x0000000081c00000,0x0000000083036018,0x0000000085580000)
 Metaspace       used 24162K, capacity 24552K, committed 24832K, reserved 1071104K
  class space    used 2886K, capacity 2992K, committed 3072K, reserved 1048576K
}

