# JRE version: Java(TM) SE Runtime Environment (8.0_151-b12) (build 1.8.0_151-b12)
# Java VM: Java HotSpot(TM) 64-Bit Server VM (25.151-b12 mixed mode windows-amd64 compressed oops)
Heap:
 PSYoungGen      total 132608K, used 75948K [0x00000000d5f00000, 0x00000000df800000, 0x0000000100000000)
  eden space 118784K, 52% used [0x00000000d5f00000,0x00000000d9bace70,0x00000000dd300000)
  from space 13824K, 99% used [0x00000000de480000,0x00000000df1fe248,0x00000000df200000)
  to   space 17920K, 0% used [0x00000000dd300000,0x00000000dd300000,0x00000000de480000)
 ParOldGen       total 54784K, used 18479K [0x0000000081c00000, 0x0000000085180000, 0x00000000d5f00000)
  object space 54784K, 33% used [0x0000000081c00000,0x0000000082e0bc38,0x0000000085180000)
 Metaspace       used 24236K, capacity 24630K, committed 24828K, reserved 1071104K
  class space    used 2872K, capacity 2995K, committed 3072K, reserved 1048576K
GC Heap History (10 events):
Event: 24.680 GC heap before
{Heap before GC invocations=5 (full 0):
 PSYoungGen      total 71680K, used 71577K [0x00000000d5f00000, 0x00000000daa00000, 0x0000000100000000)
  eden space 66560K, 99% used [0x00000000d5f00000,0x00000000d9fed638,0x00000000da000000)
  from space 5120K, 99% used [0x00000000da500000,0x00000000da9f8fe8,0x00000000daa00000)
  to   space 5120K, 0% used [0x00000000da000000,0x00000000da000000,0x00000000da500000)
 ParOldGen       total 87552K, used 9890K [0x0000000081c00000, 0x0000000087180000, 0x00000000d5f00000)
  object space 87552K, 11% used [0x0000000081c00000,0x00000000825a8b88,0x0000000087180000)
 Metaspace       used 20710K, capacity 21114K, committed 21552K, reserved 1069056K
  class space    used 2455K, capacity 2597K, committed 2688K, reserved 1048576K
Event: 24.690 GC heap after
Heap after GC invocations=5 (full 0):
 PSYoungGen      total 69632K, used 5111K [0x00000000d5f00000, 0x00000000db400000, 0x0000000100000000)
  eden space 64512K, 0% used [0x00000000d5f00000,0x00000000d5f00000,0x00000000d9e00000)
  from space 5120K, 99% used [0x00000000da000000,0x00000000da4fdf38,0x00000000da500000)
  to   space 11264K, 0% used [0x00000000da900000,0x00000000da900000,0x00000000db400000)
 ParOldGen       total 87552K, used 13823K [0x0000000081c00000, 0x0000000087180000, 0x00000000d5f00000)
  object space 87552K, 15% used [0x0000000081c00000,0x000000008297ff38,0x0000000087180000)
 Metaspace       used 20710K, capacity 21114K, committed 21552K, reserved 1069056K
  class space    used 2455K, capacity 2597K, committed 2688K, reserved 1048576K
}
Event: 24.898 GC heap before
{Heap before GC invocations=6 (full 0):
 PSYoungGen      total 69632K, used 7629K [0x00000000d5f00000, 0x00000000db400000, 0x0000000100000000)
  eden space 64512K, 3% used [0x00000000d5f00000,0x00000000d6175708,0x00000000d9e00000)
  from space 5120K, 99% used [0x00000000da000000,0x00000000da4fdf38,0x00000000da500000)
  to   space 11264K, 0% used [0x00000000da900000,0x00000000da900000,0x00000000db400000)
 ParOldGen       total 87552K, used 13823K [0x0000000081c00000, 0x0000000087180000, 0x00000000d5f00000)
  object space 87552K, 15% used [0x0000000081c00000,0x000000008297ff38,0x0000000087180000)
 Metaspace       used 21045K, capacity 21402K, committed 21628K, reserved 1069056K
  class space    used 2493K, capacity 2629K, committed 2688K, reserved 1048576K
Event: 24.909 GC heap after
Heap after GC invocations=6 (full 0):
 PSYoungGen      total 75776K, used 5494K [0x00000000d5f00000, 0x00000000df300000, 0x0000000100000000)
  eden space 64512K, 0% used [0x00000000d5f00000,0x00000000d5f00000,0x00000000d9e00000)
  from space 11264K, 48% used [0x00000000da900000,0x00000000dae5d830,0x00000000db400000)
  to   space 11264K, 0% used [0x00000000d9e00000,0x00000000d9e00000,0x00000000da900000)
 ParOldGen       total 87552K, used 13831K [0x0000000081c00000, 0x0000000087180000, 0x00000000d5f00000)
  object space 87552K, 15% used [0x0000000081c00000,0x0000000082981f38,0x0000000087180000)
 Metaspace       used 21045K, capacity 21402K, committed 21628K, reserved 1069056K
  class space    used 2493K, capacity 2629K, committed 2688K, reserved 1048576K
}
Event: 24.909 GC heap before
{Heap before GC invocations=7 (full 1):
 PSYoungGen      total 75776K, used 5494K [0x00000000d5f00000, 0x00000000df300000, 0x0000000100000000)
  eden space 64512K, 0% used [0x00000000d5f00000,0x00000000d5f00000,0x00000000d9e00000)
  from space 11264K, 48% used [0x00000000da900000,0x00000000dae5d830,0x00000000db400000)
  to   space 11264K, 0% used [0x00000000d9e00000,0x00000000d9e00000,0x00000000da900000)
 ParOldGen       total 87552K, used 13831K [0x0000000081c00000, 0x0000000087180000, 0x00000000d5f00000)
  object space 87552K, 15% used [0x0000000081c00000,0x0000000082981f38,0x0000000087180000)
 Metaspace       used 21045K, capacity 21402K, committed 21628K, reserved 1069056K
  class space    used 2493K, capacity 2629K, committed 2688K, reserved 1048576K
Event: 24.950 GC heap after
Heap after GC invocations=7 (full 1):
 PSYoungGen      total 75776K, used 0K [0x00000000d5f00000, 0x00000000df300000, 0x0000000100000000)
  eden space 64512K, 0% used [0x00000000d5f00000,0x00000000d5f00000,0x00000000d9e00000)
  from space 11264K, 0% used [0x00000000da900000,0x00000000da900000,0x00000000db400000)
  to   space 11264K, 0% used [0x00000000d9e00000,0x00000000d9e00000,0x00000000da900000)
 ParOldGen       total 54784K, used 11717K [0x0000000081c00000, 0x0000000085180000, 0x00000000d5f00000)
  object space 54784K, 21% used [0x0000000081c00000,0x0000000082771738,0x0000000085180000)
 Metaspace       used 21045K, capacity 21402K, committed 21628K, reserved 1069056K
  class space    used 2493K, capacity 2629K, committed 2688K, reserved 1048576K
}
Event: 39.818 GC heap before
{Heap before GC invocations=8 (full 1):
 PSYoungGen      total 75776K, used 64512K [0x00000000d5f00000, 0x00000000df300000, 0x0000000100000000)
  eden space 64512K, 100% used [0x00000000d5f00000,0x00000000d9e00000,0x00000000d9e00000)
  from space 11264K, 0% used [0x00000000da900000,0x00000000da900000,0x00000000db400000)
  to   space 11264K, 0% used [0x00000000d9e00000,0x00000000d9e00000,0x00000000da900000)
 ParOldGen       total 54784K, used 11717K [0x0000000081c00000, 0x0000000085180000, 0x00000000d5f00000)
  object space 54784K, 21% used [0x0000000081c00000,0x0000000082771738,0x0000000085180000)
 Metaspace       used 23199K, capacity 23638K, committed 23932K, reserved 1071104K
  class space    used 2763K, capacity 2899K, committed 2944K, reserved 1048576K
Event: 39.833 GC heap after
Heap after GC invocations=8 (full 1):
 PSYoungGen      total 75776K, used 11258K [0x00000000d5f00000, 0x00000000df200000, 0x0000000100000000)
  eden space 64512K, 0% used [0x00000000d5f00000,0x00000000d5f00000,0x00000000d9e00000)
  from space 11264K, 99% used [0x00000000d9e00000,0x00000000da8fe800,0x00000000da900000)
  to   space 13824K, 0% used [0x00000000de480000,0x00000000de480000,0x00000000df200000)
 ParOldGen       total 54784K, used 13587K [0x0000000081c00000, 0x0000000085180000, 0x00000000d5f00000)
  object space 54784K, 24% used [0x0000000081c00000,0x0000000082944c88,0x0000000085180000)
 Metaspace       used 23199K, capacity 23638K, committed 23932K, reserved 1071104K
  class space    used 2763K, capacity 2899K, committed 2944K, reserved 1048576K
}
Event: 54.960 GC heap before
{Heap before GC invocations=9 (full 1):
 PSYoungGen      total 75776K, used 75770K [0x00000000d5f00000, 0x00000000df200000, 0x0000000100000000)
  eden space 64512K, 100% used [0x00000000d5f00000,0x00000000d9e00000,0x00000000d9e00000)
  from space 11264K, 99% used [0x00000000d9e00000,0x00000000da8fe800,0x00000000da900000)
  to   space 13824K, 0% used [0x00000000de480000,0x00000000de480000,0x00000000df200000)
 ParOldGen       total 54784K, used 13587K [0x0000000081c00000, 0x0000000085180000, 0x00000000d5f00000)
  object space 54784K, 24% used [0x0000000081c00000,0x0000000082944c88,0x0000000085180000)
 Metaspace       used 24192K, capacity 24630K, committed 24828K, reserved 1071104K
  class space    used 2872K, capacity 2995K, committed 3072K, reserved 1048576K
Event: 54.981 GC heap after
Heap after GC invocations=9 (full 1):
 PSYoungGen      total 132608K, used 13816K [0x00000000d5f00000, 0x00000000df800000, 0x0000000100000000)
  eden space 118784K, 0% used [0x00000000d5f00000,0x00000000d5f00000,0x00000000dd300000)
  from space 13824K, 99% used [0x00000000de480000,0x00000000df1fe248,0x00000000df200000)
  to   space 17920K, 0% used [0x00000000dd300000,0x00000000dd300000,0x00000000de480000)
 ParOldGen       total 54784K, used 18479K [0x0000000081c00000, 0x0000000085180000, 0x00000000d5f00000)
  object space 54784K, 33% used [0x0000000081c00000,0x0000000082e0bc38,0x0000000085180000)
 Metaspace       used 24192K, capacity 24630K, committed 24828K, reserved 1071104K
  class space    used 2872K, capacity 2995K, committed 3072K, reserved 1048576K
}

