# JRE version: Java(TM) SE Runtime Environment (8.0_151-b12) (build 1.8.0_151-b12)
# Java VM: Java HotSpot(TM) 64-Bit Server VM (25.151-b12 mixed mode windows-amd64 compressed oops)
Heap:
 PSYoungGen      total 63488K, used 39420K [0x00000000d5f00000, 0x00000000db180000, 0x0000000100000000)
  eden space 53248K, 54% used [0x00000000d5f00000,0x00000000d7b7ff48,0x00000000d9300000)
  from space 10240K, 99% used [0x00000000da100000,0x00000000daaff478,0x00000000dab00000)
  to   space 14336K, 0% used [0x00000000d9300000,0x00000000d9300000,0x00000000da100000)
 ParOldGen       total 48640K, used 19945K [0x0000000081c00000, 0x0000000084b80000, 0x00000000d5f00000)
  object space 48640K, 41% used [0x0000000081c00000,0x0000000082f7a650,0x0000000084b80000)
 Metaspace       used 24221K, capacity 24568K, committed 24832K, reserved 1071104K
  class space    used 2868K, capacity 2960K, committed 3072K, reserved 1048576K
GC Heap History (10 events):
Event: 105.556 GC heap before
{Heap before GC invocations=9 (full 0):
 PSYoungGen      total 70656K, used 33318K [0x00000000d5f00000, 0x00000000daf80000, 0x0000000100000000)
  eden space 61952K, 49% used [0x00000000d5f00000,0x00000000d7d19240,0x00000000d9b80000)
  from space 8704K, 28% used [0x00000000da700000,0x00000000da970980,0x00000000daf80000)
  to   space 10240K, 0% used [0x00000000d9b80000,0x00000000d9b80000,0x00000000da580000)
 ParOldGen       total 87552K, used 17824K [0x0000000081c00000, 0x0000000087180000, 0x00000000d5f00000)
  object space 87552K, 20% used [0x0000000081c00000,0x0000000082d68160,0x0000000087180000)
 Metaspace       used 20742K, capacity 21038K, committed 21296K, reserved 1069056K
  class space    used 2455K, capacity 2597K, committed 2688K, reserved 1048576K
Event: 105.559 GC heap after
Heap after GC invocations=9 (full 0):
 PSYoungGen      total 62976K, used 2386K [0x00000000d5f00000, 0x00000000daf00000, 0x0000000100000000)
  eden space 60416K, 0% used [0x00000000d5f00000,0x00000000d5f00000,0x00000000d9a00000)
  from space 2560K, 93% used [0x00000000d9b80000,0x00000000d9dd48d8,0x00000000d9e00000)
  to   space 10752K, 0% used [0x00000000da480000,0x00000000da480000,0x00000000daf00000)
 ParOldGen       total 87552K, used 19575K [0x0000000081c00000, 0x0000000087180000, 0x00000000d5f00000)
  object space 87552K, 22% used [0x0000000081c00000,0x0000000082f1dc38,0x0000000087180000)
 Metaspace       used 20742K, capacity 21038K, committed 21296K, reserved 1069056K
  class space    used 2455K, capacity 2597K, committed 2688K, reserved 1048576K
}
Event: 105.559 GC heap before
{Heap before GC invocations=10 (full 1):
 PSYoungGen      total 62976K, used 2386K [0x00000000d5f00000, 0x00000000daf00000, 0x0000000100000000)
  eden space 60416K, 0% used [0x00000000d5f00000,0x00000000d5f00000,0x00000000d9a00000)
  from space 2560K, 93% used [0x00000000d9b80000,0x00000000d9dd48d8,0x00000000d9e00000)
  to   space 10752K, 0% used [0x00000000da480000,0x00000000da480000,0x00000000daf00000)
 ParOldGen       total 87552K, used 19575K [0x0000000081c00000, 0x0000000087180000, 0x00000000d5f00000)
  object space 87552K, 22% used [0x0000000081c00000,0x0000000082f1dc38,0x0000000087180000)
 Metaspace       used 20742K, capacity 21038K, committed 21296K, reserved 1069056K
  class space    used 2455K, capacity 2597K, committed 2688K, reserved 1048576K
Event: 105.588 GC heap after
Heap after GC invocations=10 (full 1):
 PSYoungGen      total 62976K, used 0K [0x00000000d5f00000, 0x00000000daf00000, 0x0000000100000000)
  eden space 60416K, 0% used [0x00000000d5f00000,0x00000000d5f00000,0x00000000d9a00000)
  from space 2560K, 0% used [0x00000000d9b80000,0x00000000d9b80000,0x00000000d9e00000)
  to   space 10752K, 0% used [0x00000000da480000,0x00000000da480000,0x00000000daf00000)
 ParOldGen       total 48640K, used 11381K [0x0000000081c00000, 0x0000000084b80000, 0x00000000d5f00000)
  object space 48640K, 23% used [0x0000000081c00000,0x000000008271d690,0x0000000084b80000)
 Metaspace       used 20742K, capacity 21038K, committed 21296K, reserved 1069056K
  class space    used 2455K, capacity 2597K, committed 2688K, reserved 1048576K
}
Event: 127.161 GC heap before
{Heap before GC invocations=11 (full 1):
 PSYoungGen      total 62976K, used 60416K [0x00000000d5f00000, 0x00000000daf00000, 0x0000000100000000)
  eden space 60416K, 100% used [0x00000000d5f00000,0x00000000d9a00000,0x00000000d9a00000)
  from space 2560K, 0% used [0x00000000d9b80000,0x00000000d9b80000,0x00000000d9e00000)
  to   space 10752K, 0% used [0x00000000da480000,0x00000000da480000,0x00000000daf00000)
 ParOldGen       total 48640K, used 11381K [0x0000000081c00000, 0x0000000084b80000, 0x00000000d5f00000)
  object space 48640K, 23% used [0x0000000081c00000,0x000000008271d690,0x0000000084b80000)
 Metaspace       used 22154K, capacity 22496K, committed 22960K, reserved 1069056K
  class space    used 2602K, capacity 2696K, committed 2816K, reserved 1048576K
Event: 127.176 GC heap after
Heap after GC invocations=11 (full 1):
 PSYoungGen      total 68096K, used 3356K [0x00000000d5f00000, 0x00000000dad80000, 0x0000000100000000)
  eden space 58880K, 0% used [0x00000000d5f00000,0x00000000d5f00000,0x00000000d9880000)
  from space 9216K, 36% used [0x00000000da480000,0x00000000da7c70d0,0x00000000dad80000)
  to   space 10752K, 0% used [0x00000000d9880000,0x00000000d9880000,0x00000000da300000)
 ParOldGen       total 48640K, used 11389K [0x0000000081c00000, 0x0000000084b80000, 0x00000000d5f00000)
  object space 48640K, 23% used [0x0000000081c00000,0x000000008271f690,0x0000000084b80000)
 Metaspace       used 22154K, capacity 22496K, committed 22960K, reserved 1069056K
  class space    used 2602K, capacity 2696K, committed 2816K, reserved 1048576K
}
Event: 148.329 GC heap before
{Heap before GC invocations=12 (full 1):
 PSYoungGen      total 68096K, used 62236K [0x00000000d5f00000, 0x00000000dad80000, 0x0000000100000000)
  eden space 58880K, 100% used [0x00000000d5f00000,0x00000000d9880000,0x00000000d9880000)
  from space 9216K, 36% used [0x00000000da480000,0x00000000da7c70d0,0x00000000dad80000)
  to   space 10752K, 0% used [0x00000000d9880000,0x00000000d9880000,0x00000000da300000)
 ParOldGen       total 48640K, used 11389K [0x0000000081c00000, 0x0000000084b80000, 0x00000000d5f00000)
  object space 48640K, 23% used [0x0000000081c00000,0x000000008271f690,0x0000000084b80000)
 Metaspace       used 23154K, capacity 23608K, committed 23936K, reserved 1071104K
  class space    used 2752K, capacity 2896K, committed 2944K, reserved 1048576K
Event: 148.336 GC heap after
Heap after GC invocations=12 (full 1):
 PSYoungGen      total 62464K, used 4699K [0x00000000d5f00000, 0x00000000dab00000, 0x0000000100000000)
  eden space 57344K, 0% used [0x00000000d5f00000,0x00000000d5f00000,0x00000000d9700000)
  from space 5120K, 91% used [0x00000000d9880000,0x00000000d9d16c98,0x00000000d9d80000)
  to   space 10240K, 0% used [0x00000000da100000,0x00000000da100000,0x00000000dab00000)
 ParOldGen       total 48640K, used 12936K [0x0000000081c00000, 0x0000000084b80000, 0x00000000d5f00000)
  object space 48640K, 26% used [0x0000000081c00000,0x00000000828a2000,0x0000000084b80000)
 Metaspace       used 23154K, capacity 23608K, committed 23936K, reserved 1071104K
  class space    used 2752K, capacity 2896K, committed 2944K, reserved 1048576K
}
Event: 156.622 GC heap before
{Heap before GC invocations=13 (full 1):
 PSYoungGen      total 62464K, used 62043K [0x00000000d5f00000, 0x00000000dab00000, 0x0000000100000000)
  eden space 57344K, 100% used [0x00000000d5f00000,0x00000000d9700000,0x00000000d9700000)
  from space 5120K, 91% used [0x00000000d9880000,0x00000000d9d16c98,0x00000000d9d80000)
  to   space 10240K, 0% used [0x00000000da100000,0x00000000da100000,0x00000000dab00000)
 ParOldGen       total 48640K, used 12936K [0x0000000081c00000, 0x0000000084b80000, 0x00000000d5f00000)
  object space 48640K, 26% used [0x0000000081c00000,0x00000000828a2000,0x0000000084b80000)
 Metaspace       used 24211K, capacity 24568K, committed 24832K, reserved 1071104K
  class space    used 2868K, capacity 2960K, committed 3072K, reserved 1048576K
Event: 156.659 GC heap after
Heap after GC invocations=13 (full 1):
 PSYoungGen      total 63488K, used 10237K [0x00000000d5f00000, 0x00000000db180000, 0x0000000100000000)
  eden space 53248K, 0% used [0x00000000d5f00000,0x00000000d5f00000,0x00000000d9300000)
  from space 10240K, 99% used [0x00000000da100000,0x00000000daaff478,0x00000000dab00000)
  to   space 14336K, 0% used [0x00000000d9300000,0x00000000d9300000,0x00000000da100000)
 ParOldGen       total 48640K, used 19945K [0x0000000081c00000, 0x0000000084b80000, 0x00000000d5f00000)
  object space 48640K, 41% used [0x0000000081c00000,0x0000000082f7a650,0x0000000084b80000)
 Metaspace       used 24211K, capacity 24568K, committed 24832K, reserved 1071104K
  class space    used 2868K, capacity 2960K, committed 3072K, reserved 1048576K
}

