# JRE version: Java(TM) SE Runtime Environment (8.0_144-b01) (build 1.8.0_144-b01)
# Java VM: Java HotSpot(TM) 64-Bit Server VM (25.144-b01 mixed mode windows-amd64 compressed oops)
Heap:
 PSYoungGen      total 72704K, used 1503K [0x00000000d5b00000, 0x00000000dba00000, 0x0000000100000000)
  eden space 50176K, 2% used [0x00000000d5b00000,0x00000000d5c77f00,0x00000000d8c00000)
  from space 22528K, 0% used [0x00000000da400000,0x00000000da400000,0x00000000dba00000)
  to   space 23552K, 0% used [0x00000000d8c00000,0x00000000d8c00000,0x00000000da300000)
 ParOldGen       total 95744K, used 43351K [0x0000000081000000, 0x0000000086d80000, 0x00000000d5b00000)
  object space 95744K, 45% used [0x0000000081000000,0x0000000083a55c98,0x0000000086d80000)
 Metaspace       used 27961K, capacity 28334K, committed 28592K, reserved 1075200K
  class space    used 3344K, capacity 3441K, committed 3504K, reserved 1048576K
GC Heap History (10 events):
Event: 214.204 GC heap before
{Heap before GC invocations=12 (full 1):
 PSYoungGen      total 68608K, used 59222K [0x00000000d5b00000, 0x00000000dac80000, 0x0000000100000000)
  eden space 56832K, 100% used [0x00000000d5b00000,0x00000000d9280000,0x00000000d9280000)
  from space 11776K, 20% used [0x00000000da100000,0x00000000da3558e0,0x00000000dac80000)
  to   space 13312K, 0% used [0x00000000d9280000,0x00000000d9280000,0x00000000d9f80000)
 ParOldGen       total 55808K, used 12251K [0x0000000081000000, 0x0000000084680000, 0x00000000d5b00000)
  object space 55808K, 21% used [0x0000000081000000,0x0000000081bf6e38,0x0000000084680000)
 Metaspace       used 26648K, capacity 26960K, committed 27184K, reserved 1073152K
  class space    used 3208K, capacity 3304K, committed 3376K, reserved 1048576K
Event: 214.208 GC heap after
Heap after GC invocations=12 (full 1):
 PSYoungGen      total 57856K, used 2512K [0x00000000d5b00000, 0x00000000daa00000, 0x0000000100000000)
  eden space 55296K, 0% used [0x00000000d5b00000,0x00000000d5b00000,0x00000000d9100000)
  from space 2560K, 98% used [0x00000000d9280000,0x00000000d94f4008,0x00000000d9500000)
  to   space 12800K, 0% used [0x00000000d9d80000,0x00000000d9d80000,0x00000000daa00000)
 ParOldGen       total 55808K, used 14218K [0x0000000081000000, 0x0000000084680000, 0x00000000d5b00000)
  object space 55808K, 25% used [0x0000000081000000,0x0000000081de2948,0x0000000084680000)
 Metaspace       used 26648K, capacity 26960K, committed 27184K, reserved 1073152K
  class space    used 3208K, capacity 3304K, committed 3376K, reserved 1048576K
}
Event: 214.957 GC heap before
{Heap before GC invocations=13 (full 1):
 PSYoungGen      total 57856K, used 57808K [0x00000000d5b00000, 0x00000000daa00000, 0x0000000100000000)
  eden space 55296K, 100% used [0x00000000d5b00000,0x00000000d9100000,0x00000000d9100000)
  from space 2560K, 98% used [0x00000000d9280000,0x00000000d94f4008,0x00000000d9500000)
  to   space 12800K, 0% used [0x00000000d9d80000,0x00000000d9d80000,0x00000000daa00000)
 ParOldGen       total 55808K, used 14218K [0x0000000081000000, 0x0000000084680000, 0x00000000d5b00000)
  object space 55808K, 25% used [0x0000000081000000,0x0000000081de2948,0x0000000084680000)
 Metaspace       used 27333K, capacity 27720K, committed 28080K, reserved 1073152K
  class space    used 3282K, capacity 3408K, committed 3504K, reserved 1048576K
Event: 214.971 GC heap after
Heap after GC invocations=13 (full 1):
 PSYoungGen      total 65024K, used 12787K [0x00000000d5b00000, 0x00000000dae80000, 0x0000000100000000)
  eden space 52224K, 0% used [0x00000000d5b00000,0x00000000d5b00000,0x00000000d8e00000)
  from space 12800K, 99% used [0x00000000d9d80000,0x00000000da9fccd0,0x00000000daa00000)
  to   space 15872K, 0% used [0x00000000d8e00000,0x00000000d8e00000,0x00000000d9d80000)
 ParOldGen       total 55808K, used 16616K [0x0000000081000000, 0x0000000084680000, 0x00000000d5b00000)
  object space 55808K, 29% used [0x0000000081000000,0x000000008203a3d0,0x0000000084680000)
 Metaspace       used 27333K, capacity 27720K, committed 28080K, reserved 1073152K
  class space    used 3282K, capacity 3408K, committed 3504K, reserved 1048576K
}
Event: 226.414 GC heap before
{Heap before GC invocations=14 (full 1):
 PSYoungGen      total 65024K, used 65007K [0x00000000d5b00000, 0x00000000dae80000, 0x0000000100000000)
  eden space 52224K, 99% used [0x00000000d5b00000,0x00000000d8dff1c8,0x00000000d8e00000)
  from space 12800K, 99% used [0x00000000d9d80000,0x00000000da9fccd0,0x00000000daa00000)
  to   space 15872K, 0% used [0x00000000d8e00000,0x00000000d8e00000,0x00000000d9d80000)
 ParOldGen       total 55808K, used 16616K [0x0000000081000000, 0x0000000084680000, 0x00000000d5b00000)
  object space 55808K, 29% used [0x0000000081000000,0x000000008203a3d0,0x0000000084680000)
 Metaspace       used 27918K, capacity 28334K, committed 28592K, reserved 1075200K
  class space    used 3343K, capacity 3441K, committed 3504K, reserved 1048576K
Event: 226.439 GC heap after
Heap after GC invocations=14 (full 1):
 PSYoungGen      total 67072K, used 15846K [0x00000000d5b00000, 0x00000000dbb00000, 0x0000000100000000)
  eden space 51200K, 0% used [0x00000000d5b00000,0x00000000d5b00000,0x00000000d8d00000)
  from space 15872K, 99% used [0x00000000d8e00000,0x00000000d9d798a0,0x00000000d9d80000)
  to   space 23552K, 0% used [0x00000000da400000,0x00000000da400000,0x00000000dbb00000)
 ParOldGen       total 55808K, used 30212K [0x0000000081000000, 0x0000000084680000, 0x00000000d5b00000)
  object space 55808K, 54% used [0x0000000081000000,0x0000000082d81038,0x0000000084680000)
 Metaspace       used 27918K, capacity 28334K, committed 28592K, reserved 1075200K
  class space    used 3343K, capacity 3441K, committed 3504K, reserved 1048576K
}
Event: 261.774 GC heap before
{Heap before GC invocations=15 (full 1):
 PSYoungGen      total 67072K, used 67046K [0x00000000d5b00000, 0x00000000dbb00000, 0x0000000100000000)
  eden space 51200K, 100% used [0x00000000d5b00000,0x00000000d8d00000,0x00000000d8d00000)
  from space 15872K, 99% used [0x00000000d8e00000,0x00000000d9d798a0,0x00000000d9d80000)
  to   space 23552K, 0% used [0x00000000da400000,0x00000000da400000,0x00000000dbb00000)
 ParOldGen       total 55808K, used 30212K [0x0000000081000000, 0x0000000084680000, 0x00000000d5b00000)
  object space 55808K, 54% used [0x0000000081000000,0x0000000082d81038,0x0000000084680000)
 Metaspace       used 27961K, capacity 28334K, committed 28592K, reserved 1075200K
  class space    used 3344K, capacity 3441K, committed 3504K, reserved 1048576K
Event: 261.786 GC heap after
Heap after GC invocations=15 (full 1):
 PSYoungGen      total 72704K, used 544K [0x00000000d5b00000, 0x00000000dba00000, 0x0000000100000000)
  eden space 50176K, 0% used [0x00000000d5b00000,0x00000000d5b00000,0x00000000d8c00000)
  from space 22528K, 2% used [0x00000000da400000,0x00000000da488000,0x00000000dba00000)
  to   space 23552K, 0% used [0x00000000d8c00000,0x00000000d8c00000,0x00000000da300000)
 ParOldGen       total 55808K, used 45864K [0x0000000081000000, 0x0000000084680000, 0x00000000d5b00000)
  object space 55808K, 82% used [0x0000000081000000,0x0000000083cca048,0x0000000084680000)
 Metaspace       used 27961K, capacity 28334K, committed 28592K, reserved 1075200K
  class space    used 3344K, capacity 3441K, committed 3504K, reserved 1048576K
}
Event: 261.786 GC heap before
{Heap before GC invocations=16 (full 2):
 PSYoungGen      total 72704K, used 544K [0x00000000d5b00000, 0x00000000dba00000, 0x0000000100000000)
  eden space 50176K, 0% used [0x00000000d5b00000,0x00000000d5b00000,0x00000000d8c00000)
  from space 22528K, 2% used [0x00000000da400000,0x00000000da488000,0x00000000dba00000)
  to   space 23552K, 0% used [0x00000000d8c00000,0x00000000d8c00000,0x00000000da300000)
 ParOldGen       total 55808K, used 45864K [0x0000000081000000, 0x0000000084680000, 0x00000000d5b00000)
  object space 55808K, 82% used [0x0000000081000000,0x0000000083cca048,0x0000000084680000)
 Metaspace       used 27961K, capacity 28334K, committed 28592K, reserved 1075200K
  class space    used 3344K, capacity 3441K, committed 3504K, reserved 1048576K
Event: 261.998 GC heap after
Heap after GC invocations=16 (full 2):
 PSYoungGen      total 72704K, used 0K [0x00000000d5b00000, 0x00000000dba00000, 0x0000000100000000)
  eden space 50176K, 0% used [0x00000000d5b00000,0x00000000d5b00000,0x00000000d8c00000)
  from space 22528K, 0% used [0x00000000da400000,0x00000000da400000,0x00000000dba00000)
  to   space 23552K, 0% used [0x00000000d8c00000,0x00000000d8c00000,0x00000000da300000)
 ParOldGen       total 95744K, used 43351K [0x0000000081000000, 0x0000000086d80000, 0x00000000d5b00000)
  object space 95744K, 45% used [0x0000000081000000,0x0000000083a55c98,0x0000000086d80000)
 Metaspace       used 27961K, capacity 28334K, committed 28592K, reserved 1075200K
  class space    used 3344K, capacity 3441K, committed 3504K, reserved 1048576K
}

