# JRE version: Java(TM) SE Runtime Environment (8.0_144-b01) (build 1.8.0_144-b01)
# Java VM: Java HotSpot(TM) 64-Bit Server VM (25.144-b01 mixed mode windows-amd64 compressed oops)
Heap:
 PSYoungGen      total 104448K, used 1980K [0x00000000d5b00000, 0x00000000e0980000, 0x0000000100000000)
  eden space 102912K, 1% used [0x00000000d5b00000,0x00000000d5cef028,0x00000000dbf80000)
  from space 1536K, 0% used [0x00000000deb80000,0x00000000deb80000,0x00000000ded00000)
  to   space 24576K, 0% used [0x00000000df180000,0x00000000df180000,0x00000000e0980000)
 ParOldGen       total 109568K, used 51444K [0x0000000081000000, 0x0000000087b00000, 0x00000000d5b00000)
  object space 109568K, 46% used [0x0000000081000000,0x000000008423d310,0x0000000087b00000)
 Metaspace       used 27613K, capacity 27982K, committed 28288K, reserved 1075200K
  class space    used 3302K, capacity 3409K, committed 3456K, reserved 1048576K
GC Heap History (10 events):
Event: 50.908 GC heap before
{Heap before GC invocations=9 (full 1):
 PSYoungGen      total 74752K, used 72912K [0x00000000d5b00000, 0x00000000de100000, 0x0000000100000000)
  eden space 64512K, 100% used [0x00000000d5b00000,0x00000000d9a00000,0x00000000d9a00000)
  from space 10240K, 82% used [0x00000000d9a00000,0x00000000da234010,0x00000000da400000)
  to   space 10752K, 0% used [0x00000000dd680000,0x00000000dd680000,0x00000000de100000)
 ParOldGen       total 58368K, used 9984K [0x0000000081000000, 0x0000000084900000, 0x00000000d5b00000)
  object space 58368K, 17% used [0x0000000081000000,0x00000000819c0360,0x0000000084900000)
 Metaspace       used 26925K, capacity 27368K, committed 27776K, reserved 1073152K
  class space    used 3277K, capacity 3376K, committed 3456K, reserved 1048576K
Event: 50.953 GC heap after
Heap after GC invocations=9 (full 1):
 PSYoungGen      total 120832K, used 10741K [0x00000000d5b00000, 0x00000000de900000, 0x0000000100000000)
  eden space 110080K, 0% used [0x00000000d5b00000,0x00000000d5b00000,0x00000000dc680000)
  from space 10752K, 99% used [0x00000000dd680000,0x00000000de0fd680,0x00000000de100000)
  to   space 16384K, 0% used [0x00000000dc680000,0x00000000dc680000,0x00000000dd680000)
 ParOldGen       total 58368K, used 19866K [0x0000000081000000, 0x0000000084900000, 0x00000000d5b00000)
  object space 58368K, 34% used [0x0000000081000000,0x0000000082366be8,0x0000000084900000)
 Metaspace       used 26925K, capacity 27368K, committed 27776K, reserved 1073152K
  class space    used 3277K, capacity 3376K, committed 3456K, reserved 1048576K
}
Event: 105.068 GC heap before
{Heap before GC invocations=10 (full 1):
 PSYoungGen      total 120832K, used 120821K [0x00000000d5b00000, 0x00000000de900000, 0x0000000100000000)
  eden space 110080K, 100% used [0x00000000d5b00000,0x00000000dc680000,0x00000000dc680000)
  from space 10752K, 99% used [0x00000000dd680000,0x00000000de0fd680,0x00000000de100000)
  to   space 16384K, 0% used [0x00000000dc680000,0x00000000dc680000,0x00000000dd680000)
 ParOldGen       total 58368K, used 19866K [0x0000000081000000, 0x0000000084900000, 0x00000000d5b00000)
  object space 58368K, 34% used [0x0000000081000000,0x0000000082366be8,0x0000000084900000)
 Metaspace       used 27354K, capacity 27720K, committed 28032K, reserved 1073152K
  class space    used 3298K, capacity 3408K, committed 3456K, reserved 1048576K
Event: 105.090 GC heap after
Heap after GC invocations=10 (full 1):
 PSYoungGen      total 126464K, used 16377K [0x00000000d5b00000, 0x00000000e1f00000, 0x0000000100000000)
  eden space 110080K, 0% used [0x00000000d5b00000,0x00000000d5b00000,0x00000000dc680000)
  from space 16384K, 99% used [0x00000000dc680000,0x00000000dd67e508,0x00000000dd680000)
  to   space 22528K, 0% used [0x00000000e0900000,0x00000000e0900000,0x00000000e1f00000)
 ParOldGen       total 58368K, used 29226K [0x0000000081000000, 0x0000000084900000, 0x00000000d5b00000)
  object space 58368K, 50% used [0x0000000081000000,0x0000000082c8aa50,0x0000000084900000)
 Metaspace       used 27354K, capacity 27720K, committed 28032K, reserved 1073152K
  class space    used 3298K, capacity 3408K, committed 3456K, reserved 1048576K
}
Event: 169.986 GC heap before
{Heap before GC invocations=11 (full 1):
 PSYoungGen      total 126464K, used 126457K [0x00000000d5b00000, 0x00000000e1f00000, 0x0000000100000000)
  eden space 110080K, 100% used [0x00000000d5b00000,0x00000000dc680000,0x00000000dc680000)
  from space 16384K, 99% used [0x00000000dc680000,0x00000000dd67e508,0x00000000dd680000)
  to   space 22528K, 0% used [0x00000000e0900000,0x00000000e0900000,0x00000000e1f00000)
 ParOldGen       total 58368K, used 29226K [0x0000000081000000, 0x0000000084900000, 0x00000000d5b00000)
  object space 58368K, 50% used [0x0000000081000000,0x0000000082c8aa50,0x0000000084900000)
 Metaspace       used 27547K, capacity 27918K, committed 28288K, reserved 1075200K
  class space    used 3302K, capacity 3409K, committed 3456K, reserved 1048576K
Event: 170.015 GC heap after
Heap after GC invocations=11 (full 1):
 PSYoungGen      total 124416K, used 17524K [0x00000000d5b00000, 0x00000000e1a80000, 0x0000000100000000)
  eden space 106496K, 0% used [0x00000000d5b00000,0x00000000d5b00000,0x00000000dc300000)
  from space 17920K, 97% used [0x00000000e0900000,0x00000000e1a1d060,0x00000000e1a80000)
  to   space 24064K, 0% used [0x00000000deb80000,0x00000000deb80000,0x00000000e0300000)
 ParOldGen       total 58368K, used 36479K [0x0000000081000000, 0x0000000084900000, 0x00000000d5b00000)
  object space 58368K, 62% used [0x0000000081000000,0x000000008339ffe0,0x0000000084900000)
 Metaspace       used 27547K, capacity 27918K, committed 28288K, reserved 1075200K
  class space    used 3302K, capacity 3409K, committed 3456K, reserved 1048576K
}
Event: 241.606 GC heap before
{Heap before GC invocations=12 (full 1):
 PSYoungGen      total 124416K, used 124020K [0x00000000d5b00000, 0x00000000e1a80000, 0x0000000100000000)
  eden space 106496K, 100% used [0x00000000d5b00000,0x00000000dc300000,0x00000000dc300000)
  from space 17920K, 97% used [0x00000000e0900000,0x00000000e1a1d060,0x00000000e1a80000)
  to   space 24064K, 0% used [0x00000000deb80000,0x00000000deb80000,0x00000000e0300000)
 ParOldGen       total 58368K, used 36479K [0x0000000081000000, 0x0000000084900000, 0x00000000d5b00000)
  object space 58368K, 62% used [0x0000000081000000,0x000000008339ffe0,0x0000000084900000)
 Metaspace       used 27613K, capacity 27982K, committed 28288K, reserved 1075200K
  class space    used 3302K, capacity 3409K, committed 3456K, reserved 1048576K
Event: 241.619 GC heap after
Heap after GC invocations=12 (full 1):
 PSYoungGen      total 104448K, used 1264K [0x00000000d5b00000, 0x00000000e0980000, 0x0000000100000000)
  eden space 102912K, 0% used [0x00000000d5b00000,0x00000000d5b00000,0x00000000dbf80000)
  from space 1536K, 82% used [0x00000000deb80000,0x00000000decbc130,0x00000000ded00000)
  to   space 24576K, 0% used [0x00000000df180000,0x00000000df180000,0x00000000e0980000)
 ParOldGen       total 58368K, used 53413K [0x0000000081000000, 0x0000000084900000, 0x00000000d5b00000)
  object space 58368K, 91% used [0x0000000081000000,0x0000000084429588,0x0000000084900000)
 Metaspace       used 27613K, capacity 27982K, committed 28288K, reserved 1075200K
  class space    used 3302K, capacity 3409K, committed 3456K, reserved 1048576K
}
Event: 241.619 GC heap before
{Heap before GC invocations=13 (full 2):
 PSYoungGen      total 104448K, used 1264K [0x00000000d5b00000, 0x00000000e0980000, 0x0000000100000000)
  eden space 102912K, 0% used [0x00000000d5b00000,0x00000000d5b00000,0x00000000dbf80000)
  from space 1536K, 82% used [0x00000000deb80000,0x00000000decbc130,0x00000000ded00000)
  to   space 24576K, 0% used [0x00000000df180000,0x00000000df180000,0x00000000e0980000)
 ParOldGen       total 58368K, used 53413K [0x0000000081000000, 0x0000000084900000, 0x00000000d5b00000)
  object space 58368K, 91% used [0x0000000081000000,0x0000000084429588,0x0000000084900000)
 Metaspace       used 27613K, capacity 27982K, committed 28288K, reserved 1075200K
  class space    used 3302K, capacity 3409K, committed 3456K, reserved 1048576K
Event: 241.889 GC heap after
Heap after GC invocations=13 (full 2):
 PSYoungGen      total 104448K, used 0K [0x00000000d5b00000, 0x00000000e0980000, 0x0000000100000000)
  eden space 102912K, 0% used [0x00000000d5b00000,0x00000000d5b00000,0x00000000dbf80000)
  from space 1536K, 0% used [0x00000000deb80000,0x00000000deb80000,0x00000000ded00000)
  to   space 24576K, 0% used [0x00000000df180000,0x00000000df180000,0x00000000e0980000)
 ParOldGen       total 109568K, used 51444K [0x0000000081000000, 0x0000000087b00000, 0x00000000d5b00000)
  object space 109568K, 46% used [0x0000000081000000,0x000000008423d310,0x0000000087b00000)
 Metaspace       used 27613K, capacity 27982K, committed 28288K, reserved 1075200K
  class space    used 3302K, capacity 3409K, committed 3456K, reserved 1048576K
}

